Flow report for mk2blit
Wed Mar 30 00:35:05 2022
Quartus Prime Version 20.1.1 Build 720 11/11/2020 SJ Lite Edition


---------------------
; Table of Contents ;
---------------------
  1. Legal Notice
  2. Flow Summary
  3. Flow Settings
  4. Flow Non-Default Global Settings
  5. Flow Elapsed Time
  6. Flow OS Summary
  7. Flow Log
  8. Flow Messages
  9. Flow Suppressed Messages



----------------
; Legal Notice ;
----------------
Copyright (C) 2020  Intel Corporation. All rights reserved.
Your use of Intel Corporation's design tools, logic functions 
and other software and tools, and any partner logic 
functions, and any output files from any of the foregoing 
(including device programming or simulation files), and any 
associated documentation or information are expressly subject 
to the terms and conditions of the Intel Program License 
Subscription Agreement, the Intel Quartus Prime License Agreement,
the Intel FPGA IP License Agreement, or other applicable license
agreement, including, without limitation, that your use is for
the sole purpose of programming logic devices manufactured by
Intel and sold by Intel or its authorized distributors.  Please
refer to the applicable agreement for further details, at
https://fpgasoftware.intel.com/eula.



+----------------------------------------------------------------------------------+
; Flow Summary                                                                     ;
+------------------------------------+---------------------------------------------+
; Flow Status                        ; Flow Failed - Wed Mar 30 00:35:05 2022      ;
; Quartus Prime Version              ; 20.1.1 Build 720 11/11/2020 SJ Lite Edition ;
; Revision Name                      ; mk2blit                                     ;
; Top-level Entity Name              ; mk2blit                                     ;
; Family                             ; Cyclone IV E                                ;
; Device                             ; EP4CE10F17C8                                ;
; Timing Models                      ; Final                                       ;
; Total logic elements               ; N/A until Partition Merge                   ;
;     Total combinational functions  ; N/A until Partition Merge                   ;
;     Dedicated logic registers      ; N/A until Partition Merge                   ;
; Total registers                    ; N/A until Partition Merge                   ;
; Total pins                         ; N/A until Partition Merge                   ;
; Total virtual pins                 ; N/A until Partition Merge                   ;
; Total memory bits                  ; N/A until Partition Merge                   ;
; Embedded Multiplier 9-bit elements ; N/A until Partition Merge                   ;
; Total PLLs                         ; N/A until Partition Merge                   ;
+------------------------------------+---------------------------------------------+


+-----------------------------------------+
; Flow Settings                           ;
+-------------------+---------------------+
; Option            ; Setting             ;
+-------------------+---------------------+
; Start date & time ; 03/30/2022 00:34:52 ;
; Main task         ; Compilation         ;
; Revision Name     ; mk2blit             ;
+-------------------+---------------------+


+------------------------------------------------------------------------------------------------------------------------------------------------+
; Flow Non-Default Global Settings                                                                                                               ;
+--------------------------------------+----------------------------------------------------------+---------------+-------------+----------------+
; Assignment Name                      ; Value                                                    ; Default Value ; Entity Name ; Section Id     ;
+--------------------------------------+----------------------------------------------------------+---------------+-------------+----------------+
; COMPILER_SIGNATURE_ID                ; 264403983571089.164859689231244                          ; --            ; --          ; --             ;
; EDA_DESIGN_INSTANCE_NAME             ; NA                                                       ; --            ; --          ; sim_6x09_tb    ;
; EDA_DESIGN_INSTANCE_NAME             ; NA                                                       ; --            ; --          ; sim_65816_tb   ;
; EDA_DESIGN_INSTANCE_NAME             ; NA                                                       ; --            ; --          ; sim_t65_tb     ;
; EDA_DESIGN_INSTANCE_NAME             ; NA                                                       ; --            ; --          ; sim_68008_tb   ;
; EDA_NATIVELINK_SIMULATION_TEST_BENCH ; sim_68008_tb                                             ; --            ; --          ; eda_simulation ;
; EDA_OUTPUT_DATA_FORMAT               ; Verilog Hdl                                              ; --            ; --          ; eda_simulation ;
; EDA_SIMULATION_TOOL                  ; ModelSim-Altera (Verilog)                                ; <None>        ; --          ; --             ;
; EDA_TEST_BENCH_ENABLE_STATUS         ; TEST_BENCH_MODE                                          ; --            ; --          ; eda_simulation ;
; EDA_TEST_BENCH_FILE                  ; ../../../library/common.vhd                              ; --            ; --          ; sim_6x09_tb    ;
; EDA_TEST_BENCH_FILE                  ; ../../../library/simulation/rom_tb.vhd                   ; --            ; --          ; sim_6x09_tb    ;
; EDA_TEST_BENCH_FILE                  ; ../../../library/simulation/ram_tb.vhd                   ; --            ; --          ; sim_6x09_tb    ;
; EDA_TEST_BENCH_FILE                  ; ../../../library/3rdparty/Missing/JohnKent/cpu09l.vhd    ; --            ; --          ; sim_6x09_tb    ;
; EDA_TEST_BENCH_FILE                  ; ../../../library/simulation/real6809_tb.vhd              ; --            ; --          ; sim_6x09_tb    ;
; EDA_TEST_BENCH_FILE                  ; ../../../library/simulation/ls02.vhd                     ; --            ; --          ; sim_6x09_tb    ;
; EDA_TEST_BENCH_FILE                  ; ../../../library/simulation/ls04.vhd                     ; --            ; --          ; sim_6x09_tb    ;
; EDA_TEST_BENCH_FILE                  ; ../../../library/simulation/ls32.vhd                     ; --            ; --          ; sim_6x09_tb    ;
; EDA_TEST_BENCH_FILE                  ; ../../../library/simulation/ls51.vhd                     ; --            ; --          ; sim_6x09_tb    ;
; EDA_TEST_BENCH_FILE                  ; ../../../library/simulation/ls74.vhd                     ; --            ; --          ; sim_6x09_tb    ;
; EDA_TEST_BENCH_FILE                  ; ../../../library/simulation/bbc/bbc_clock_gen.vhd        ; --            ; --          ; sim_6x09_tb    ;
; EDA_TEST_BENCH_FILE                  ; ../../../library/bbc/bbc_slow_cyc.vhd                    ; --            ; --          ; sim_6x09_tb    ;
; EDA_TEST_BENCH_FILE                  ; ../../../library/simulation/bbc/elk_clock_gen.vhd        ; --            ; --          ; sim_6x09_tb    ;
; EDA_TEST_BENCH_FILE                  ; ../../../library/bbc/elk_slow_cyc.vhd                    ; --            ; --          ; sim_6x09_tb    ;
; EDA_TEST_BENCH_FILE                  ; ../../simulation/sim_tb/sim_SYS_pack.vhd                 ; --            ; --          ; sim_6x09_tb    ;
; EDA_TEST_BENCH_FILE                  ; ../../simulation/sim_tb/sim_SYS_tb.vhd                   ; --            ; --          ; sim_6x09_tb    ;
; EDA_TEST_BENCH_FILE                  ; ../../simulation/sim_tb/sim_6x09_tb.vhd                  ; --            ; --          ; sim_6x09_tb    ;
; EDA_TEST_BENCH_FILE                  ; ../../../library/common.vhd                              ; --            ; --          ; sim_65816_tb   ;
; EDA_TEST_BENCH_FILE                  ; ../../../library/simulation/rom_tb.vhd                   ; --            ; --          ; sim_65816_tb   ;
; EDA_TEST_BENCH_FILE                  ; ../../../library/simulation/ram_tb.vhd                   ; --            ; --          ; sim_65816_tb   ;
; EDA_TEST_BENCH_FILE                  ; ../../../library/3rdparty/Missing/P65C816/P65816_pkg.vhd ; --            ; --          ; sim_65816_tb   ;
; EDA_TEST_BENCH_FILE                  ; ../../../library/3rdparty/Missing/P65C816/AddrGen.vhd    ; --            ; --          ; sim_65816_tb   ;
; EDA_TEST_BENCH_FILE                  ; ../../../library/3rdparty/Missing/P65C816/BCDAdder.vhd   ; --            ; --          ; sim_65816_tb   ;
; EDA_TEST_BENCH_FILE                  ; ../../../library/3rdparty/Missing/P65C816/AddSubBCD.vhd  ; --            ; --          ; sim_65816_tb   ;
; EDA_TEST_BENCH_FILE                  ; ../../../library/3rdparty/Missing/P65C816/ALU.vhd        ; --            ; --          ; sim_65816_tb   ;
; EDA_TEST_BENCH_FILE                  ; ../../../library/3rdparty/Missing/P65C816/MCode.vhd      ; --            ; --          ; sim_65816_tb   ;
; EDA_TEST_BENCH_FILE                  ; ../../../library/3rdparty/Missing/P65C816/P65C816.vhd    ; --            ; --          ; sim_65816_tb   ;
; EDA_TEST_BENCH_FILE                  ; ../../../library/simulation/real65816_tb.vhd             ; --            ; --          ; sim_65816_tb   ;
; EDA_TEST_BENCH_FILE                  ; ../../../library/simulation/ls02.vhd                     ; --            ; --          ; sim_65816_tb   ;
; EDA_TEST_BENCH_FILE                  ; ../../../library/simulation/ls04.vhd                     ; --            ; --          ; sim_65816_tb   ;
; EDA_TEST_BENCH_FILE                  ; ../../../library/simulation/ls32.vhd                     ; --            ; --          ; sim_65816_tb   ;
; EDA_TEST_BENCH_FILE                  ; ../../../library/simulation/ls51.vhd                     ; --            ; --          ; sim_65816_tb   ;
; EDA_TEST_BENCH_FILE                  ; ../../../library/simulation/ls74.vhd                     ; --            ; --          ; sim_65816_tb   ;
; EDA_TEST_BENCH_FILE                  ; ../../../library/simulation/bbc/bbc_clock_gen.vhd        ; --            ; --          ; sim_65816_tb   ;
; EDA_TEST_BENCH_FILE                  ; ../../../library/bbc/bbc_slow_cyc.vhd                    ; --            ; --          ; sim_65816_tb   ;
; EDA_TEST_BENCH_FILE                  ; ../../../library/simulation/bbc/elk_clock_gen.vhd        ; --            ; --          ; sim_65816_tb   ;
; EDA_TEST_BENCH_FILE                  ; ../../../library/bbc/elk_slow_cyc.vhd                    ; --            ; --          ; sim_65816_tb   ;
; EDA_TEST_BENCH_FILE                  ; ../../simulation/sim_tb/sim_SYS_pack.vhd                 ; --            ; --          ; sim_65816_tb   ;
; EDA_TEST_BENCH_FILE                  ; ../../simulation/sim_tb/sim_SYS_tb.vhd                   ; --            ; --          ; sim_65816_tb   ;
; EDA_TEST_BENCH_FILE                  ; ../../simulation/sim_tb/sim_65816_tb.vhd                 ; --            ; --          ; sim_65816_tb   ;
; EDA_TEST_BENCH_FILE                  ; ../../../library/3rdparty/I2C_minion/debounce.vhd        ; --            ; --          ; sim_t65_tb     ;
; EDA_TEST_BENCH_FILE                  ; ../../../library/3rdparty/I2C_minion/I2C_minion.vhd      ; --            ; --          ; sim_t65_tb     ;
; EDA_TEST_BENCH_FILE                  ; ../../../library/common.vhd                              ; --            ; --          ; sim_t65_tb     ;
; EDA_TEST_BENCH_FILE                  ; ../../../library/simulation/rom_tb.vhd                   ; --            ; --          ; sim_t65_tb     ;
; EDA_TEST_BENCH_FILE                  ; ../../../library/simulation/ram_tb.vhd                   ; --            ; --          ; sim_t65_tb     ;
; EDA_TEST_BENCH_FILE                  ; ../../../library/simulation/ls02.vhd                     ; --            ; --          ; sim_t65_tb     ;
; EDA_TEST_BENCH_FILE                  ; ../../../library/simulation/ls04.vhd                     ; --            ; --          ; sim_t65_tb     ;
; EDA_TEST_BENCH_FILE                  ; ../../../library/simulation/ls32.vhd                     ; --            ; --          ; sim_t65_tb     ;
; EDA_TEST_BENCH_FILE                  ; ../../../library/simulation/ls51.vhd                     ; --            ; --          ; sim_t65_tb     ;
; EDA_TEST_BENCH_FILE                  ; ../../../library/simulation/ls74.vhd                     ; --            ; --          ; sim_t65_tb     ;
; EDA_TEST_BENCH_FILE                  ; ../../../library/simulation/bbc/bbc_clock_gen.vhd        ; --            ; --          ; sim_t65_tb     ;
; EDA_TEST_BENCH_FILE                  ; ../../../library/bbc/bbc_slow_cyc.vhd                    ; --            ; --          ; sim_t65_tb     ;
; EDA_TEST_BENCH_FILE                  ; ../../../library/simulation/bbc/elk_clock_gen.vhd        ; --            ; --          ; sim_t65_tb     ;
; EDA_TEST_BENCH_FILE                  ; ../../../library/bbc/elk_slow_cyc.vhd                    ; --            ; --          ; sim_t65_tb     ;
; EDA_TEST_BENCH_FILE                  ; ../../simulation/sim_tb/sim_SYS_pack.vhd                 ; --            ; --          ; sim_t65_tb     ;
; EDA_TEST_BENCH_FILE                  ; ../../simulation/sim_tb/sim_SYS_tb.vhd                   ; --            ; --          ; sim_t65_tb     ;
; EDA_TEST_BENCH_FILE                  ; ../../simulation/sim_tb/sim_t65_tb.vhd                   ; --            ; --          ; sim_t65_tb     ;
; EDA_TEST_BENCH_FILE                  ; ../../../library/common.vhd                              ; --            ; --          ; sim_68008_tb   ;
; EDA_TEST_BENCH_FILE                  ; ../../../library/simulation/rom_tb.vhd                   ; --            ; --          ; sim_68008_tb   ;
; EDA_TEST_BENCH_FILE                  ; ../../../library/simulation/ram_tb.vhd                   ; --            ; --          ; sim_68008_tb   ;
; EDA_TEST_BENCH_FILE                  ; ../../../library/3rdparty/TG68/TG68.vhd                  ; --            ; --          ; sim_68008_tb   ;
; EDA_TEST_BENCH_FILE                  ; ../../../library/3rdparty/TG68/TG68_fast.vhd             ; --            ; --          ; sim_68008_tb   ;
; EDA_TEST_BENCH_FILE                  ; ../../../library/3rdparty/TG68/TG68008.vhd               ; --            ; --          ; sim_68008_tb   ;
; EDA_TEST_BENCH_FILE                  ; ../../../library/simulation/ls02.vhd                     ; --            ; --          ; sim_68008_tb   ;
; EDA_TEST_BENCH_FILE                  ; ../../../library/simulation/ls04.vhd                     ; --            ; --          ; sim_68008_tb   ;
; EDA_TEST_BENCH_FILE                  ; ../../../library/simulation/ls32.vhd                     ; --            ; --          ; sim_68008_tb   ;
; EDA_TEST_BENCH_FILE                  ; ../../../library/simulation/ls51.vhd                     ; --            ; --          ; sim_68008_tb   ;
; EDA_TEST_BENCH_FILE                  ; ../../../library/simulation/ls74.vhd                     ; --            ; --          ; sim_68008_tb   ;
; EDA_TEST_BENCH_FILE                  ; ../../../library/simulation/bbc/bbc_clock_gen.vhd        ; --            ; --          ; sim_68008_tb   ;
; EDA_TEST_BENCH_FILE                  ; ../../../library/bbc/bbc_slow_cyc.vhd                    ; --            ; --          ; sim_68008_tb   ;
; EDA_TEST_BENCH_FILE                  ; ../../../library/simulation/bbc/elk_clock_gen.vhd        ; --            ; --          ; sim_68008_tb   ;
; EDA_TEST_BENCH_FILE                  ; ../../../library/bbc/elk_slow_cyc.vhd                    ; --            ; --          ; sim_68008_tb   ;
; EDA_TEST_BENCH_FILE                  ; ../../simulation/sim_tb/sim_SYS_pack.vhd                 ; --            ; --          ; sim_68008_tb   ;
; EDA_TEST_BENCH_FILE                  ; ../../simulation/sim_tb/sim_SYS_tb.vhd                   ; --            ; --          ; sim_68008_tb   ;
; EDA_TEST_BENCH_FILE                  ; ../../simulation/sim_tb/sim_68008_tb.vhd                 ; --            ; --          ; sim_68008_tb   ;
; EDA_TEST_BENCH_MODULE_NAME           ; sim_6x09_tb                                              ; --            ; --          ; sim_6x09_tb    ;
; EDA_TEST_BENCH_MODULE_NAME           ; sim_65816_tb                                             ; --            ; --          ; sim_65816_tb   ;
; EDA_TEST_BENCH_MODULE_NAME           ; sim_t65_tb                                               ; --            ; --          ; sim_t65_tb     ;
; EDA_TEST_BENCH_MODULE_NAME           ; sim_68008_tb                                             ; --            ; --          ; sim_68008_tb   ;
; EDA_TEST_BENCH_NAME                  ; sim_t65_tb                                               ; --            ; --          ; eda_simulation ;
; EDA_TEST_BENCH_NAME                  ; sim_65816_tb                                             ; --            ; --          ; eda_simulation ;
; EDA_TEST_BENCH_NAME                  ; sim_68008_tb                                             ; --            ; --          ; eda_simulation ;
; EDA_TEST_BENCH_NAME                  ; sim_6x09_tb                                              ; --            ; --          ; eda_simulation ;
; EDA_TIME_SCALE                       ; 1 ps                                                     ; --            ; --          ; eda_simulation ;
; MAX_CORE_JUNCTION_TEMP               ; 85                                                       ; --            ; --          ; --             ;
; MIN_CORE_JUNCTION_TEMP               ; 0                                                        ; --            ; --          ; --             ;
; MISC_FILE                            ; pllmain.cmp                                              ; --            ; --          ; --             ;
; MISC_FILE                            ; pllmain.ppf                                              ; --            ; --          ; --             ;
; NOMINAL_CORE_SUPPLY_VOLTAGE          ; 1.2V                                                     ; --            ; --          ; --             ;
; NUM_PARALLEL_PROCESSORS              ; All                                                      ; --            ; --          ; --             ;
; OUTPUT_IO_TIMING_FAR_END_VMEAS       ; Half Signal Swing                                        ; --            ; --          ; --             ;
; OUTPUT_IO_TIMING_FAR_END_VMEAS       ; Half Signal Swing                                        ; --            ; --          ; --             ;
; OUTPUT_IO_TIMING_NEAR_END_VMEAS      ; Half Vccio                                               ; --            ; --          ; --             ;
; OUTPUT_IO_TIMING_NEAR_END_VMEAS      ; Half Vccio                                               ; --            ; --          ; --             ;
; PARTITION_COLOR                      ; -- (Not supported for targeted family)                   ; --            ; --          ; Top            ;
; PARTITION_FITTER_PRESERVATION_LEVEL  ; -- (Not supported for targeted family)                   ; --            ; --          ; Top            ;
; PARTITION_NETLIST_TYPE               ; -- (Not supported for targeted family)                   ; --            ; --          ; Top            ;
; POWER_BOARD_THERMAL_MODEL            ; None (CONSERVATIVE)                                      ; --            ; --          ; --             ;
; POWER_PRESET_COOLING_SOLUTION        ; 23 MM HEAT SINK WITH 200 LFPM AIRFLOW                    ; --            ; --          ; --             ;
; PRE_FLOW_SCRIPT_FILE                 ; quartus_sh:tcl/get-version.tcl                           ; --            ; --          ; --             ;
; PROJECT_OUTPUT_DIRECTORY             ; output_files                                             ; --            ; --          ; --             ;
; VHDL_INPUT_VERSION                   ; VHDL_2008                                                ; VHDL_1993     ; --          ; --             ;
; VHDL_SHOW_LMF_MAPPING_MESSAGES       ; Off                                                      ; --            ; --          ; --             ;
+--------------------------------------+----------------------------------------------------------+---------------+-------------+----------------+


+--------------------------------------------------------------------------------------------------------------------------+
; Flow Elapsed Time                                                                                                        ;
+----------------------+--------------+-------------------------+---------------------+------------------------------------+
; Module Name          ; Elapsed Time ; Average Processors Used ; Peak Virtual Memory ; Total CPU Time (on all processors) ;
+----------------------+--------------+-------------------------+---------------------+------------------------------------+
; Analysis & Synthesis ; 00:00:13     ; 1.0                     ; 4771 MB             ; 00:00:02                           ;
; Total                ; 00:00:13     ; --                      ; --                  ; 00:00:02                           ;
+----------------------+--------------+-------------------------+---------------------+------------------------------------+


+------------------------------------------------------------------------------------+
; Flow OS Summary                                                                    ;
+----------------------+------------------+------------+------------+----------------+
; Module Name          ; Machine Hostname ; OS Name    ; OS Version ; Processor type ;
+----------------------+------------------+------------+------------+----------------+
; Analysis & Synthesis ; asus-laptop      ; Windows 10 ; 10.0       ; x86_64         ;
+----------------------+------------------+------------+------------+----------------+


------------
; Flow Log ;
------------
quartus_map --read_settings_files=on mk2blit



